geckodriver: error: Found argument '--websocket-port' which wasn't expected, or isn't valid in this context

USAGE:
    geckodriver [FLAGS] [OPTIONS]

For more information try --help

1646105039892	geckodriver	INFO	Listening on 127.0.0.1:37783
1646105039896	mozrunner::runner	INFO	Running command: "/usr/bin/firefox" "--marionette" "--remote-debugging-port" "48249" "-no-remote" "-profile" "/tmp/rust_mozprofilebuimPq"
1646105040534	Marionette	INFO	Marionette enabled
console.warn: SearchSettings: "get: No settings file exists, new profile?" (new NotFoundError("Could not open the file at /tmp/rust_mozprofilebuimPq/search.json.mozlz4", (void 0)))
DevTools listening on ws://localhost:48249/devtools/browser/64cd6193-7636-42c5-8cff-c4c1eca3bc9f
1646105041795	Marionette	INFO	Listening on port 42171
1646105041819	RemoteAgent	WARN	TLS certificate errors will be ignored for this session
JavaScript warning: https://code.jquery.com/jquery-1.10.2.min.js, line 2: Using //@ to indicate sourceMappingURL pragmas is deprecated. Use //# instead
Failed to establish dbus connectionJavaScript warning: https://pagead2.googlesyndication.com/bg/mF8jAiIKdU2I24lDkXEdvB6f9nJ-5cys-Upa-8ZRieM.js line 1 > eval line 5591 > eval line 1 > eval line 1 > eval, line 1: WEBGL_debug_renderer_info is deprecated in Firefox and will be removed. Please use RENDERER.
1646105050641	Marionette	INFO	Stopped listening on port 42171
JavaScript error: , line 0: TypeError: NetworkError when attempting to fetch resource.
JavaScript error: , line 0: TypeError: NetworkError when attempting to fetch resource.
JavaScript error: , line 0: TypeError: NetworkError when attempting to fetch resource.
console.warn: TopSitesFeed: Failed to fetch data from Contile server: NetworkError when attempting to fetch resource.
JavaScript error: chrome://remote/content/marionette/cert.js, line 55: NS_ERROR_NOT_AVAILABLE: Component returned failure code: 0x80040111 (NS_ERROR_NOT_AVAILABLE) [nsICertOverrideService.setDisableAllSecurityChecksAndLetAttackersInterceptMyData]
1646105050753	geckodriver::marionette	ERROR	Failed to close browser connection: Socket not connected (os error 107)
JavaScript error: resource://gre/modules/AsyncShutdown.jsm, line 575: uncaught exception: Object
[2022-03-01T03:24:10Z ERROR glean] Can't persist ping lifetime data: Error { kind: Rkv(IoError(Os { code: 2, kind: NotFound, message: "No such file or directory" })) }

###!!! [Parent][PImageBridgeParent] Error: RunMessage(msgname=PImageBridge::Msg_WillClose) Channel closing: too late to send/recv, messages will be lost

1646105123418	geckodriver	INFO	Listening on 127.0.0.1:60681
1646105123422	mozrunner::runner	INFO	Running command: "/usr/bin/firefox" "--marionette" "--remote-debugging-port" "44639" "-no-remote" "-profile" "/tmp/rust_mozprofiledSn7c8"
1646105124029	Marionette	INFO	Marionette enabled
console.warn: SearchSettings: "get: No settings file exists, new profile?" (new NotFoundError("Could not open the file at /tmp/rust_mozprofiledSn7c8/search.json.mozlz4", (void 0)))
DevTools listening on ws://localhost:44639/devtools/browser/321c2368-793a-4fb0-9d11-26b4ed0559a4
1646105125227	Marionette	INFO	Listening on port 46397
1646105125380	RemoteAgent	WARN	TLS certificate errors will be ignored for this session
JavaScript warning: https://code.jquery.com/jquery-1.10.2.min.js, line 2: Using //@ to indicate sourceMappingURL pragmas is deprecated. Use //# instead
Failed to establish dbus connectionJavaScript warning: https://pagead2.googlesyndication.com/bg/mF8jAiIKdU2I24lDkXEdvB6f9nJ-5cys-Upa-8ZRieM.js line 1 > eval line 4734 > eval line 1 > eval line 1 > eval, line 1: WEBGL_debug_renderer_info is deprecated in Firefox and will be removed. Please use RENDERER.
JavaScript warning: https://cdn.apple-mapkit.com/ti/csr/1.x.x/mk-csr.js?mapkitVersion=5.72.27, line 468: WebGL warning: texSubImage: Texture has not been initialized prior to a partial upload, forcing the browser to clear it. This may be slow.
JavaScript warning: https://cdn.apple-mapkit.com/ti/csr/1.x.x/mk-csr.js?mapkitVersion=5.72.27, line 468: WebGL warning: texSubImage: Tex image TEXTURE_2D level 0 is incurring lazy initialization.
JavaScript warning: https://cdn.apple-mapkit.com/ti/csr/1.x.x/mk-csr.js?mapkitVersion=5.72.27, line 468: WebGL warning: texSubImage: Texture has not been initialized prior to a partial upload, forcing the browser to clear it. This may be slow.
JavaScript warning: https://cdn.apple-mapkit.com/ti/csr/1.x.x/mk-csr.js?mapkitVersion=5.72.27, line 468: WebGL warning: texSubImage: Tex image TEXTURE_2D level 0 is incurring lazy initialization.
JavaScript warning: https://cdn.apple-mapkit.com/ti/csr/1.x.x/mk-csr.js?mapkitVersion=5.72.27, line 468: WebGL warning: texSubImage: Texture has not been initialized prior to a partial upload, forcing the browser to clear it. This may be slow.
JavaScript warning: https://cdn.apple-mapkit.com/ti/csr/1.x.x/mk-csr.js?mapkitVersion=5.72.27, line 468: WebGL warning: texSubImage: Tex image TEXTURE_2D level 0 is incurring lazy initialization.
JavaScript warning: https://cdn.apple-mapkit.com/ti/csr/1.x.x/mk-csr.js?mapkitVersion=5.72.27, line 468: WebGL warning: texSubImage: Texture has not been initialized prior to a partial upload, forcing the browser to clear it. This may be slow.
JavaScript warning: https://cdn.apple-mapkit.com/ti/csr/1.x.x/mk-csr.js?mapkitVersion=5.72.27, line 468: WebGL warning: texSubImage: Tex image TEXTURE_2D level 0 is incurring lazy initialization.
1646105138512	Marionette	INFO	Stopped listening on port 46397
JavaScript error: , line 0: TypeError: NetworkError when attempting to fetch resource.
JavaScript error: , line 0: TypeError: NetworkError when attempting to fetch resource.
JavaScript error: , line 0: TypeError: NetworkError when attempting to fetch resource.
console.warn: TopSitesFeed: Failed to fetch data from Contile server: NetworkError when attempting to fetch resource.

###!!! [Parent][PImageBridgeParent] Error: RunMessage(msgname=PImageBridge::Msg_WillClose) Channel closing: too late to send/recv, messages will be lost

1646105184314	geckodriver	INFO	Listening on 127.0.0.1:53553
1646105184318	mozrunner::runner	INFO	Running command: "/usr/bin/firefox" "--marionette" "--remote-debugging-port" "33023" "-no-remote" "-profile" "/tmp/rust_mozprofileM8mlN4"
1646105184928	Marionette	INFO	Marionette enabled
console.warn: SearchSettings: "get: No settings file exists, new profile?" (new NotFoundError("Could not open the file at /tmp/rust_mozprofileM8mlN4/search.json.mozlz4", (void 0)))
DevTools listening on ws://localhost:33023/devtools/browser/a1dc0dc1-71c1-44b2-bd49-8f62243c4238
1646105185941	Marionette	INFO	Listening on port 38467
1646105186058	RemoteAgent	WARN	TLS certificate errors will be ignored for this session
JavaScript warning: https://code.jquery.com/jquery-1.10.2.min.js, line 2: Using //@ to indicate sourceMappingURL pragmas is deprecated. Use //# instead
1646105187633	Marionette	WARN	Ignoring event 'DOMContentLoaded' because document has an invalid readyState of 'complete'.
Failed to establish dbus connectionJavaScript warning: https://pagead2.googlesyndication.com/bg/mF8jAiIKdU2I24lDkXEdvB6f9nJ-5cys-Upa-8ZRieM.js line 1 > eval line 3161 > eval line 1 > eval line 1 > eval, line 1: WEBGL_debug_renderer_info is deprecated in Firefox and will be removed. Please use RENDERER.
JavaScript warning: https://cdn.apple-mapkit.com/ti/csr/1.x.x/mk-csr.js?mapkitVersion=5.72.27, line 468: WebGL warning: texSubImage: Texture has not been initialized prior to a partial upload, forcing the browser to clear it. This may be slow.
JavaScript warning: https://cdn.apple-mapkit.com/ti/csr/1.x.x/mk-csr.js?mapkitVersion=5.72.27, line 468: WebGL warning: texSubImage: Tex image TEXTURE_2D level 0 is incurring lazy initialization.
JavaScript warning: https://cdn.apple-mapkit.com/ti/csr/1.x.x/mk-csr.js?mapkitVersion=5.72.27, line 468: WebGL warning: texSubImage: Texture has not been initialized prior to a partial upload, forcing the browser to clear it. This may be slow.
JavaScript warning: https://cdn.apple-mapkit.com/ti/csr/1.x.x/mk-csr.js?mapkitVersion=5.72.27, line 468: WebGL warning: texSubImage: Tex image TEXTURE_2D level 0 is incurring lazy initialization.
JavaScript warning: https://cdn.apple-mapkit.com/ti/csr/1.x.x/mk-csr.js?mapkitVersion=5.72.27, line 468: WebGL warning: texSubImage: Texture has not been initialized prior to a partial upload, forcing the browser to clear it. This may be slow.
JavaScript warning: https://cdn.apple-mapkit.com/ti/csr/1.x.x/mk-csr.js?mapkitVersion=5.72.27, line 468: WebGL warning: texSubImage: Tex image TEXTURE_2D level 0 is incurring lazy initialization.
JavaScript warning: https://cdn.apple-mapkit.com/ti/csr/1.x.x/mk-csr.js?mapkitVersion=5.72.27, line 468: WebGL warning: texSubImage: Texture has not been initialized prior to a partial upload, forcing the browser to clear it. This may be slow.
JavaScript warning: https://cdn.apple-mapkit.com/ti/csr/1.x.x/mk-csr.js?mapkitVersion=5.72.27, line 468: WebGL warning: texSubImage: Tex image TEXTURE_2D level 0 is incurring lazy initialization.
1646105195503	Marionette	INFO	Stopped listening on port 38467
JavaScript error: , line 0: TypeError: NetworkError when attempting to fetch resource.
JavaScript error: , line 0: TypeError: NetworkError when attempting to fetch resource.
JavaScript error: , line 0: TypeError: NetworkError when attempting to fetch resource.
console.warn: TopSitesFeed: Failed to fetch data from Contile server: NetworkError when attempting to fetch resource.

###!!! [Parent][PImageBridgeParent] Error: RunMessage(msgname=PImageBridge::Msg_WillClose) Channel closing: too late to send/recv, messages will be lost

1646105217128	geckodriver	INFO	Listening on 127.0.0.1:43351
1646105217132	mozrunner::runner	INFO	Running command: "/usr/bin/firefox" "--marionette" "--remote-debugging-port" "58263" "-no-remote" "-profile" "/tmp/rust_mozprofileud8N1z"
1646105217739	Marionette	INFO	Marionette enabled
console.warn: SearchSettings: "get: No settings file exists, new profile?" (new NotFoundError("Could not open the file at /tmp/rust_mozprofileud8N1z/search.json.mozlz4", (void 0)))
DevTools listening on ws://localhost:58263/devtools/browser/ff6614ca-3ca3-4fbd-be32-b40afffdc8f6
1646105218722	Marionette	INFO	Listening on port 40925
1646105218749	RemoteAgent	WARN	TLS certificate errors will be ignored for this session
JavaScript warning: https://code.jquery.com/jquery-1.10.2.min.js, line 2: Using //@ to indicate sourceMappingURL pragmas is deprecated. Use //# instead
Failed to establish dbus connectionJavaScript warning: https://pagead2.googlesyndication.com/bg/mF8jAiIKdU2I24lDkXEdvB6f9nJ-5cys-Upa-8ZRieM.js line 1 > eval line 2549 > eval line 1 > eval line 1 > eval, line 1: WEBGL_debug_renderer_info is deprecated in Firefox and will be removed. Please use RENDERER.
JavaScript warning: https://cdn.apple-mapkit.com/ti/csr/1.x.x/mk-csr.js?mapkitVersion=5.72.27, line 468: WebGL warning: texSubImage: Texture has not been initialized prior to a partial upload, forcing the browser to clear it. This may be slow.
JavaScript warning: https://cdn.apple-mapkit.com/ti/csr/1.x.x/mk-csr.js?mapkitVersion=5.72.27, line 468: WebGL warning: texSubImage: Tex image TEXTURE_2D level 0 is incurring lazy initialization.
JavaScript warning: https://cdn.apple-mapkit.com/ti/csr/1.x.x/mk-csr.js?mapkitVersion=5.72.27, line 468: WebGL warning: texSubImage: Texture has not been initialized prior to a partial upload, forcing the browser to clear it. This may be slow.
JavaScript warning: https://cdn.apple-mapkit.com/ti/csr/1.x.x/mk-csr.js?mapkitVersion=5.72.27, line 468: WebGL warning: texSubImage: Tex image TEXTURE_2D level 0 is incurring lazy initialization.
JavaScript warning: https://cdn.apple-mapkit.com/ti/csr/1.x.x/mk-csr.js?mapkitVersion=5.72.27, line 468: WebGL warning: texSubImage: Texture has not been initialized prior to a partial upload, forcing the browser to clear it. This may be slow.
JavaScript warning: https://cdn.apple-mapkit.com/ti/csr/1.x.x/mk-csr.js?mapkitVersion=5.72.27, line 468: WebGL warning: texSubImage: Tex image TEXTURE_2D level 0 is incurring lazy initialization.
JavaScript warning: https://cdn.apple-mapkit.com/ti/csr/1.x.x/mk-csr.js?mapkitVersion=5.72.27, line 468: WebGL warning: texSubImage: Texture has not been initialized prior to a partial upload, forcing the browser to clear it. This may be slow.
JavaScript warning: https://cdn.apple-mapkit.com/ti/csr/1.x.x/mk-csr.js?mapkitVersion=5.72.27, line 468: WebGL warning: texSubImage: Tex image TEXTURE_2D level 0 is incurring lazy initialization.
1646105240508	Marionette	INFO	Stopped listening on port 40925
JavaScript error: , line 0: TypeError: NetworkError when attempting to fetch resource.
JavaScript error: , line 0: TypeError: NetworkError when attempting to fetch resource.
JavaScript error: , line 0: TypeError: NetworkError when attempting to fetch resource.
console.warn: TopSitesFeed: Failed to fetch data from Contile server: NetworkError when attempting to fetch resource.

###!!! [Parent][PImageBridgeParent] Error: RunMessage(msgname=PImageBridge::Msg_WillClose) Channel closing: too late to send/recv, messages will be lost

1646105252814	geckodriver	INFO	Listening on 127.0.0.1:59515
1646105252818	mozrunner::runner	INFO	Running command: "/usr/bin/firefox" "--marionette" "--remote-debugging-port" "42847" "-no-remote" "-profile" "/tmp/rust_mozprofileYcPOAq"
1646105253418	Marionette	INFO	Marionette enabled
console.warn: SearchSettings: "get: No settings file exists, new profile?" (new NotFoundError("Could not open the file at /tmp/rust_mozprofileYcPOAq/search.json.mozlz4", (void 0)))
DevTools listening on ws://localhost:42847/devtools/browser/b34092e5-faa4-4c1f-a714-69948950565f
1646105254509	Marionette	INFO	Listening on port 39189
1646105254538	RemoteAgent	WARN	TLS certificate errors will be ignored for this session
JavaScript warning: https://code.jquery.com/jquery-1.10.2.min.js, line 2: Using //@ to indicate sourceMappingURL pragmas is deprecated. Use //# instead
JavaScript error: https://tpc.googlesyndication.com/sadbundle/$csp%3Der3$/14982892065960838190/index.html#t=7614251387245085903&p=https%3A%2F%2Fgoogleads.g.doubleclick.net, line 2: SyntaxError: illegal character U+200B
Failed to establish dbus connectionJavaScript warning: https://pagead2.googlesyndication.com/bg/mF8jAiIKdU2I24lDkXEdvB6f9nJ-5cys-Upa-8ZRieM.js line 1 > eval line 2419 > eval line 1 > eval line 1 > eval, line 1: WEBGL_debug_renderer_info is deprecated in Firefox and will be removed. Please use RENDERER.
JavaScript warning: https://cdn.apple-mapkit.com/ti/csr/1.x.x/mk-csr.js?mapkitVersion=5.72.27, line 468: WebGL warning: texSubImage: Texture has not been initialized prior to a partial upload, forcing the browser to clear it. This may be slow.
JavaScript warning: https://cdn.apple-mapkit.com/ti/csr/1.x.x/mk-csr.js?mapkitVersion=5.72.27, line 468: WebGL warning: texSubImage: Tex image TEXTURE_2D level 0 is incurring lazy initialization.
JavaScript warning: https://cdn.apple-mapkit.com/ti/csr/1.x.x/mk-csr.js?mapkitVersion=5.72.27, line 468: WebGL warning: texSubImage: Texture has not been initialized prior to a partial upload, forcing the browser to clear it. This may be slow.
JavaScript warning: https://cdn.apple-mapkit.com/ti/csr/1.x.x/mk-csr.js?mapkitVersion=5.72.27, line 468: WebGL warning: texSubImage: Tex image TEXTURE_2D level 0 is incurring lazy initialization.
JavaScript warning: https://cdn.apple-mapkit.com/ti/csr/1.x.x/mk-csr.js?mapkitVersion=5.72.27, line 468: WebGL warning: texSubImage: Texture has not been initialized prior to a partial upload, forcing the browser to clear it. This may be slow.
JavaScript warning: https://cdn.apple-mapkit.com/ti/csr/1.x.x/mk-csr.js?mapkitVersion=5.72.27, line 468: WebGL warning: texSubImage: Tex image TEXTURE_2D level 0 is incurring lazy initialization.
JavaScript warning: https://cdn.apple-mapkit.com/ti/csr/1.x.x/mk-csr.js?mapkitVersion=5.72.27, line 468: WebGL warning: texSubImage: Texture has not been initialized prior to a partial upload, forcing the browser to clear it. This may be slow.
JavaScript warning: https://cdn.apple-mapkit.com/ti/csr/1.x.x/mk-csr.js?mapkitVersion=5.72.27, line 468: WebGL warning: texSubImage: Tex image TEXTURE_2D level 0 is incurring lazy initialization.
1646105292427	Marionette	INFO	Stopped listening on port 39189
JavaScript error: , line 0: TypeError: NetworkError when attempting to fetch resource.
JavaScript error: , line 0: TypeError: NetworkError when attempting to fetch resource.
JavaScript error: , line 0: TypeError: NetworkError when attempting to fetch resource.
console.warn: TopSitesFeed: Failed to fetch data from Contile server: NetworkError when attempting to fetch resource.

###!!! [Parent][PImageBridgeParent] Error: RunMessage(msgname=PImageBridge::Msg_WillClose) Channel closing: too late to send/recv, messages will be lost

1646105295313	geckodriver	INFO	Listening on 127.0.0.1:47923
1646105295317	mozrunner::runner	INFO	Running command: "/usr/bin/firefox" "--marionette" "--remote-debugging-port" "53975" "-no-remote" "-profile" "/tmp/rust_mozprofileOKM1UA"
1646105295920	Marionette	INFO	Marionette enabled
console.warn: SearchSettings: "get: No settings file exists, new profile?" (new NotFoundError("Could not open the file at /tmp/rust_mozprofileOKM1UA/search.json.mozlz4", (void 0)))
DevTools listening on ws://localhost:53975/devtools/browser/ed3a4fcd-92c4-421d-adda-48698a27b3c2
1646105296926	Marionette	INFO	Listening on port 45231
1646105297056	RemoteAgent	WARN	TLS certificate errors will be ignored for this session
JavaScript warning: https://code.jquery.com/jquery-1.10.2.min.js, line 2: Using //@ to indicate sourceMappingURL pragmas is deprecated. Use //# instead
Failed to establish dbus connectionJavaScript warning: https://pagead2.googlesyndication.com/bg/mF8jAiIKdU2I24lDkXEdvB6f9nJ-5cys-Upa-8ZRieM.js line 1 > eval line 5999 > eval line 1 > eval line 1 > eval, line 1: WEBGL_debug_renderer_info is deprecated in Firefox and will be removed. Please use RENDERER.
1646105353676	Marionette	INFO	Stopped listening on port 45231
JavaScript error: , line 0: TypeError: NetworkError when attempting to fetch resource.
JavaScript error: , line 0: TypeError: NetworkError when attempting to fetch resource.
JavaScript error: , line 0: TypeError: NetworkError when attempting to fetch resource.
console.warn: TopSitesFeed: Failed to fetch data from Contile server: NetworkError when attempting to fetch resource.

###!!! [Parent][PImageBridgeParent] Error: RunMessage(msgname=PImageBridge::Msg_WillClose) Channel closing: too late to send/recv, messages will be lost

1646105355216	geckodriver	INFO	Listening on 127.0.0.1:55113
1646105355221	mozrunner::runner	INFO	Running command: "/usr/bin/firefox" "--marionette" "--remote-debugging-port" "47821" "-no-remote" "-profile" "/tmp/rust_mozprofileuNBZtB"
1646105355827	Marionette	INFO	Marionette enabled
console.warn: SearchSettings: "get: No settings file exists, new profile?" (new NotFoundError("Could not open the file at /tmp/rust_mozprofileuNBZtB/search.json.mozlz4", (void 0)))
DevTools listening on ws://localhost:47821/devtools/browser/cc4be11e-ac52-4b19-85fa-fbc7d0354a60
1646105356936	Marionette	INFO	Listening on port 35021
1646105357044	RemoteAgent	WARN	TLS certificate errors will be ignored for this session
JavaScript warning: https://code.jquery.com/jquery-1.10.2.min.js, line 2: Using //@ to indicate sourceMappingURL pragmas is deprecated. Use //# instead
Failed to establish dbus connectionJavaScript warning: https://pagead2.googlesyndication.com/bg/mF8jAiIKdU2I24lDkXEdvB6f9nJ-5cys-Upa-8ZRieM.js line 1 > eval line 6286 > eval line 1 > eval line 1 > eval, line 1: WEBGL_debug_renderer_info is deprecated in Firefox and will be removed. Please use RENDERER.
1646105362987	Marionette	INFO	Stopped listening on port 35021
JavaScript error: , line 0: TypeError: NetworkError when attempting to fetch resource.
JavaScript error: , line 0: TypeError: NetworkError when attempting to fetch resource.
JavaScript error: , line 0: TypeError: NetworkError when attempting to fetch resource.
console.warn: TopSitesFeed: Failed to fetch data from Contile server: NetworkError when attempting to fetch resource.

###!!! [Parent][PImageBridgeParent] Error: RunMessage(msgname=PImageBridge::Msg_WillClose) Channel closing: too late to send/recv, messages will be lost

1646105441379	geckodriver	INFO	Listening on 127.0.0.1:37239
1646105441383	mozrunner::runner	INFO	Running command: "/usr/bin/firefox" "--marionette" "--remote-debugging-port" "49969" "-no-remote" "-profile" "/tmp/rust_mozprofileQGOAPL"
1646105441984	Marionette	INFO	Marionette enabled
console.warn: SearchSettings: "get: No settings file exists, new profile?" (new NotFoundError("Could not open the file at /tmp/rust_mozprofileQGOAPL/search.json.mozlz4", (void 0)))
DevTools listening on ws://localhost:49969/devtools/browser/4fe4ae89-9a9f-4a1d-8282-d3db33eaab81
1646105443063	Marionette	INFO	Listening on port 35079
1646105443098	RemoteAgent	WARN	TLS certificate errors will be ignored for this session
JavaScript warning: https://code.jquery.com/jquery-1.10.2.min.js, line 2: Using //@ to indicate sourceMappingURL pragmas is deprecated. Use //# instead
1646105444379	Marionette	WARN	Ignoring event 'DOMContentLoaded' because document has an invalid readyState of 'complete'.
Failed to establish dbus connectionJavaScript warning: https://pagead2.googlesyndication.com/bg/mF8jAiIKdU2I24lDkXEdvB6f9nJ-5cys-Upa-8ZRieM.js line 1 > eval line 5101 > eval line 1 > eval line 1 > eval, line 1: WEBGL_debug_renderer_info is deprecated in Firefox and will be removed. Please use RENDERER.
JavaScript warning: https://cdn.apple-mapkit.com/ti/csr/1.x.x/mk-csr.js?mapkitVersion=5.72.27, line 468: WebGL warning: texSubImage: Texture has not been initialized prior to a partial upload, forcing the browser to clear it. This may be slow.
JavaScript warning: https://cdn.apple-mapkit.com/ti/csr/1.x.x/mk-csr.js?mapkitVersion=5.72.27, line 468: WebGL warning: texSubImage: Tex image TEXTURE_2D level 0 is incurring lazy initialization.
JavaScript warning: https://cdn.apple-mapkit.com/ti/csr/1.x.x/mk-csr.js?mapkitVersion=5.72.27, line 468: WebGL warning: texSubImage: Texture has not been initialized prior to a partial upload, forcing the browser to clear it. This may be slow.
JavaScript warning: https://cdn.apple-mapkit.com/ti/csr/1.x.x/mk-csr.js?mapkitVersion=5.72.27, line 468: WebGL warning: texSubImage: Tex image TEXTURE_2D level 0 is incurring lazy initialization.
1646105484319	Marionette	INFO	Stopped listening on port 35079
JavaScript error: , line 0: TypeError: NetworkError when attempting to fetch resource.
JavaScript error: , line 0: TypeError: NetworkError when attempting to fetch resource.
JavaScript error: , line 0: TypeError: NetworkError when attempting to fetch resource.

###!!! [Parent][PImageBridgeParent] Error: RunMessage(msgname=PImageBridge::Msg_WillClose) Channel closing: too late to send/recv, messages will be lost

1646105485827	geckodriver	INFO	Listening on 127.0.0.1:58711
1646105485831	mozrunner::runner	INFO	Running command: "/usr/bin/firefox" "--marionette" "--remote-debugging-port" "41695" "-no-remote" "-profile" "/tmp/rust_mozprofileRUxgsZ"
1646105486446	Marionette	INFO	Marionette enabled
console.warn: SearchSettings: "get: No settings file exists, new profile?" (new NotFoundError("Could not open the file at /tmp/rust_mozprofileRUxgsZ/search.json.mozlz4", (void 0)))
DevTools listening on ws://localhost:41695/devtools/browser/be0605cf-8092-4c83-a72a-558c80f2090e
1646105487629	Marionette	INFO	Listening on port 38891
1646105487655	RemoteAgent	WARN	TLS certificate errors will be ignored for this session
JavaScript warning: https://code.jquery.com/jquery-1.10.2.min.js, line 2: Using //@ to indicate sourceMappingURL pragmas is deprecated. Use //# instead
Failed to establish dbus connectionJavaScript warning: https://pagead2.googlesyndication.com/bg/mF8jAiIKdU2I24lDkXEdvB6f9nJ-5cys-Upa-8ZRieM.js line 1 > eval line 4748 > eval line 1 > eval line 1 > eval, line 1: WEBGL_debug_renderer_info is deprecated in Firefox and will be removed. Please use RENDERER.
JavaScript warning: https://pagead2.googlesyndication.com/bg/mF8jAiIKdU2I24lDkXEdvB6f9nJ-5cys-Upa-8ZRieM.js line 1 > eval line 3716 > eval line 1 > eval line 1 > eval, line 1: WEBGL_debug_renderer_info is deprecated in Firefox and will be removed. Please use RENDERER.
1646105495942	Marionette	INFO	Stopped listening on port 38891
JavaScript error: , line 0: TypeError: NetworkError when attempting to fetch resource.
JavaScript error: , line 0: TypeError: NetworkError when attempting to fetch resource.
JavaScript error: , line 0: TypeError: NetworkError when attempting to fetch resource.
JavaScript error: , line 0: TypeError: NetworkError when attempting to fetch resource.
console.warn: TopSitesFeed: Failed to fetch data from Contile server: NetworkError when attempting to fetch resource.

###!!! [Parent][PImageBridgeParent] Error: RunMessage(msgname=PImageBridge::Msg_WillClose) Channel closing: too late to send/recv, messages will be lost

1646105591859	geckodriver	INFO	Listening on 127.0.0.1:39205
1646105591863	mozrunner::runner	INFO	Running command: "/usr/bin/firefox" "--marionette" "--remote-debugging-port" "35441" "-no-remote" "-profile" "/tmp/rust_mozprofileUQKLN9"
1646105592494	Marionette	INFO	Marionette enabled
console.warn: SearchSettings: "get: No settings file exists, new profile?" (new NotFoundError("Could not open the file at /tmp/rust_mozprofileUQKLN9/search.json.mozlz4", (void 0)))
DevTools listening on ws://localhost:35441/devtools/browser/f8bd0dfe-9a65-4e12-96ae-def031d16c9c
1646105593512	Marionette	INFO	Listening on port 35395
1646105593578	RemoteAgent	WARN	TLS certificate errors will be ignored for this session
JavaScript warning: https://code.jquery.com/jquery-1.10.2.min.js, line 2: Using //@ to indicate sourceMappingURL pragmas is deprecated. Use //# instead
Failed to establish dbus connectionJavaScript warning: https://pagead2.googlesyndication.com/bg/mF8jAiIKdU2I24lDkXEdvB6f9nJ-5cys-Upa-8ZRieM.js line 1 > eval line 4268 > eval line 1 > eval line 1 > eval, line 1: WEBGL_debug_renderer_info is deprecated in Firefox and will be removed. Please use RENDERER.
JavaScript error: , line 0: TypeError: NetworkError when attempting to fetch resource.
JavaScript error: , line 0: TypeError: NetworkError when attempting to fetch resource.
JavaScript error: , line 0: TypeError: NetworkError when attempting to fetch resource.
JavaScript warning: https://code.jquery.com/jquery-1.10.2.min.js, line 2: Using //@ to indicate sourceMappingURL pragmas is deprecated. Use //# instead
Failed to establish dbus connectionJavaScript warning: https://pagead2.googlesyndication.com/bg/mF8jAiIKdU2I24lDkXEdvB6f9nJ-5cys-Upa-8ZRieM.js line 1 > eval line 4412 > eval line 1 > eval line 1 > eval, line 1: WEBGL_debug_renderer_info is deprecated in Firefox and will be removed. Please use RENDERER.
JavaScript error: , line 0: TypeError: NetworkError when attempting to fetch resource.
JavaScript error: , line 0: TypeError: NetworkError when attempting to fetch resource.
JavaScript error: , line 0: TypeError: NetworkError when attempting to fetch resource.
JavaScript warning: https://code.jquery.com/jquery-1.10.2.min.js, line 2: Using //@ to indicate sourceMappingURL pragmas is deprecated. Use //# instead
JavaScript warning: https://code.jquery.com/jquery-1.10.2.min.js, line 2: Using //@ to indicate sourceMappingURL pragmas is deprecated. Use //# instead
Failed to establish dbus connectionJavaScript warning: https://cdn.apple-mapkit.com/ti/csr/1.x.x/mk-csr.js?mapkitVersion=5.72.27, line 468: WebGL warning: texSubImage: Texture has not been initialized prior to a partial upload, forcing the browser to clear it. This may be slow.
JavaScript warning: https://cdn.apple-mapkit.com/ti/csr/1.x.x/mk-csr.js?mapkitVersion=5.72.27, line 468: WebGL warning: texSubImage: Tex image TEXTURE_2D level 0 is incurring lazy initialization.
JavaScript warning: https://cdn.apple-mapkit.com/ti/csr/1.x.x/mk-csr.js?mapkitVersion=5.72.27, line 468: WebGL warning: texSubImage: Texture has not been initialized prior to a partial upload, forcing the browser to clear it. This may be slow.
JavaScript warning: https://cdn.apple-mapkit.com/ti/csr/1.x.x/mk-csr.js?mapkitVersion=5.72.27, line 468: WebGL warning: texSubImage: Tex image TEXTURE_2D level 0 is incurring lazy initialization.
JavaScript warning: https://cdn.apple-mapkit.com/ti/csr/1.x.x/mk-csr.js?mapkitVersion=5.72.27, line 468: WebGL warning: texSubImage: Texture has not been initialized prior to a partial upload, forcing the browser to clear it. This may be slow.
JavaScript warning: https://cdn.apple-mapkit.com/ti/csr/1.x.x/mk-csr.js?mapkitVersion=5.72.27, line 468: WebGL warning: texSubImage: Tex image TEXTURE_2D level 0 is incurring lazy initialization.
JavaScript warning: https://cdn.apple-mapkit.com/ti/csr/1.x.x/mk-csr.js?mapkitVersion=5.72.27, line 468: WebGL warning: texSubImage: Texture has not been initialized prior to a partial upload, forcing the browser to clear it. This may be slow.
JavaScript warning: https://cdn.apple-mapkit.com/ti/csr/1.x.x/mk-csr.js?mapkitVersion=5.72.27, line 468: WebGL warning: texSubImage: Tex image TEXTURE_2D level 0 is incurring lazy initialization.
1646105696762	Marionette	INFO	Stopped listening on port 35395
console.warn: TopSitesFeed: Failed to fetch data from Contile server: NetworkError when attempting to fetch resource.

###!!! [Parent][PImageBridgeParent] Error: RunMessage(msgname=PImageBridge::Msg_WillClose) Channel closing: too late to send/recv, messages will be lost

1646105698642	geckodriver	INFO	Listening on 127.0.0.1:40797
1646105698646	mozrunner::runner	INFO	Running command: "/usr/bin/firefox" "--marionette" "--remote-debugging-port" "45741" "-no-remote" "-profile" "/tmp/rust_mozprofile8f5GxL"
1646105699254	Marionette	INFO	Marionette enabled
console.warn: SearchSettings: "get: No settings file exists, new profile?" (new NotFoundError("Could not open the file at /tmp/rust_mozprofile8f5GxL/search.json.mozlz4", (void 0)))
DevTools listening on ws://localhost:45741/devtools/browser/73fd3351-3e25-42cf-86e6-d37f8ec0131d
1646105700339	Marionette	INFO	Listening on port 34275
1646105700364	RemoteAgent	WARN	TLS certificate errors will be ignored for this session
JavaScript warning: https://code.jquery.com/jquery-1.10.2.min.js, line 2: Using //@ to indicate sourceMappingURL pragmas is deprecated. Use //# instead
JavaScript error: https://tpc.googlesyndication.com/sadbundle/$csp%3Der3$/7183240684149284227/index.html#t=16221839079966249558&p=https%3A%2F%2Fgoogleads.g.doubleclick.net, line 2: SyntaxError: illegal character U+200B
Failed to establish dbus connectionJavaScript warning: https://pagead2.googlesyndication.com/bg/mF8jAiIKdU2I24lDkXEdvB6f9nJ-5cys-Upa-8ZRieM.js line 1 > eval line 2895 > eval line 1 > eval line 1 > eval, line 1: WEBGL_debug_renderer_info is deprecated in Firefox and will be removed. Please use RENDERER.
JavaScript warning: https://cdn.apple-mapkit.com/ti/csr/1.x.x/mk-csr.js?mapkitVersion=5.72.27, line 468: WebGL warning: texSubImage: Texture has not been initialized prior to a partial upload, forcing the browser to clear it. This may be slow.
JavaScript warning: https://cdn.apple-mapkit.com/ti/csr/1.x.x/mk-csr.js?mapkitVersion=5.72.27, line 468: WebGL warning: texSubImage: Tex image TEXTURE_2D level 0 is incurring lazy initialization.
JavaScript warning: https://cdn.apple-mapkit.com/ti/csr/1.x.x/mk-csr.js?mapkitVersion=5.72.27, line 468: WebGL warning: texSubImage: Texture has not been initialized prior to a partial upload, forcing the browser to clear it. This may be slow.
JavaScript warning: https://cdn.apple-mapkit.com/ti/csr/1.x.x/mk-csr.js?mapkitVersion=5.72.27, line 468: WebGL warning: texSubImage: Tex image TEXTURE_2D level 0 is incurring lazy initialization.
JavaScript warning: https://cdn.apple-mapkit.com/ti/csr/1.x.x/mk-csr.js?mapkitVersion=5.72.27, line 468: WebGL warning: texSubImage: Texture has not been initialized prior to a partial upload, forcing the browser to clear it. This may be slow.
JavaScript warning: https://cdn.apple-mapkit.com/ti/csr/1.x.x/mk-csr.js?mapkitVersion=5.72.27, line 468: WebGL warning: texSubImage: Tex image TEXTURE_2D level 0 is incurring lazy initialization.
JavaScript warning: https://cdn.apple-mapkit.com/ti/csr/1.x.x/mk-csr.js?mapkitVersion=5.72.27, line 468: WebGL warning: texSubImage: Texture has not been initialized prior to a partial upload, forcing the browser to clear it. This may be slow.
JavaScript warning: https://cdn.apple-mapkit.com/ti/csr/1.x.x/mk-csr.js?mapkitVersion=5.72.27, line 468: WebGL warning: texSubImage: Tex image TEXTURE_2D level 0 is incurring lazy initialization.
1646105733586	Marionette	INFO	Stopped listening on port 34275
JavaScript error: , line 0: TypeError: NetworkError when attempting to fetch resource.
JavaScript error: , line 0: TypeError: NetworkError when attempting to fetch resource.
JavaScript error: , line 0: TypeError: NetworkError when attempting to fetch resource.
console.warn: TopSitesFeed: Failed to fetch data from Contile server: NetworkError when attempting to fetch resource.

###!!! [Parent][PImageBridgeParent] Error: RunMessage(msgname=PImageBridge::Msg_WillClose) Channel closing: too late to send/recv, messages will be lost

1646105861718	geckodriver	INFO	Listening on 127.0.0.1:50103
1646105861722	mozrunner::runner	INFO	Running command: "/usr/bin/firefox" "--marionette" "--remote-debugging-port" "58203" "-no-remote" "-profile" "/tmp/rust_mozprofilenGviES"
1646105862327	Marionette	INFO	Marionette enabled
console.warn: SearchSettings: "get: No settings file exists, new profile?" (new NotFoundError("Could not open the file at /tmp/rust_mozprofilenGviES/search.json.mozlz4", (void 0)))
DevTools listening on ws://localhost:58203/devtools/browser/69988a35-0c69-4513-9e4a-be94bf5ac3d9
1646105863291	Marionette	INFO	Listening on port 46501
1646105863359	RemoteAgent	WARN	TLS certificate errors will be ignored for this session
JavaScript warning: https://code.jquery.com/jquery-1.10.2.min.js, line 2: Using //@ to indicate sourceMappingURL pragmas is deprecated. Use //# instead
1646105864837	Marionette	WARN	Ignoring event 'DOMContentLoaded' because document has an invalid readyState of 'complete'.
Failed to establish dbus connectionJavaScript warning: https://pagead2.googlesyndication.com/bg/mF8jAiIKdU2I24lDkXEdvB6f9nJ-5cys-Upa-8ZRieM.js line 1 > eval line 3966 > eval line 1 > eval line 1 > eval, line 1: WEBGL_debug_renderer_info is deprecated in Firefox and will be removed. Please use RENDERER.
JavaScript warning: https://cdn.apple-mapkit.com/ti/csr/1.x.x/mk-csr.js?mapkitVersion=5.72.27, line 468: WebGL warning: texSubImage: Texture has not been initialized prior to a partial upload, forcing the browser to clear it. This may be slow.
JavaScript warning: https://cdn.apple-mapkit.com/ti/csr/1.x.x/mk-csr.js?mapkitVersion=5.72.27, line 468: WebGL warning: texSubImage: Tex image TEXTURE_2D level 0 is incurring lazy initialization.
JavaScript warning: https://cdn.apple-mapkit.com/ti/csr/1.x.x/mk-csr.js?mapkitVersion=5.72.27, line 468: WebGL warning: texSubImage: Texture has not been initialized prior to a partial upload, forcing the browser to clear it. This may be slow.
JavaScript warning: https://cdn.apple-mapkit.com/ti/csr/1.x.x/mk-csr.js?mapkitVersion=5.72.27, line 468: WebGL warning: texSubImage: Tex image TEXTURE_2D level 0 is incurring lazy initialization.
JavaScript warning: https://cdn.apple-mapkit.com/ti/csr/1.x.x/mk-csr.js?mapkitVersion=5.72.27, line 468: WebGL warning: texSubImage: Texture has not been initialized prior to a partial upload, forcing the browser to clear it. This may be slow.
JavaScript warning: https://cdn.apple-mapkit.com/ti/csr/1.x.x/mk-csr.js?mapkitVersion=5.72.27, line 468: WebGL warning: texSubImage: Tex image TEXTURE_2D level 0 is incurring lazy initialization.
JavaScript warning: https://cdn.apple-mapkit.com/ti/csr/1.x.x/mk-csr.js?mapkitVersion=5.72.27, line 468: WebGL warning: texSubImage: Texture has not been initialized prior to a partial upload, forcing the browser to clear it. This may be slow.
JavaScript warning: https://cdn.apple-mapkit.com/ti/csr/1.x.x/mk-csr.js?mapkitVersion=5.72.27, line 468: WebGL warning: texSubImage: Tex image TEXTURE_2D level 0 is incurring lazy initialization.
console.warn: LoginRecipes: "getRecipes: falling back to a synchronous message for:" "https://www.gps-coordinates.net"
JavaScript error: resource://devtools/server/actors/utils/sources-manager.js, line 434: TypeError: channel is null
JavaScript error: resource://devtools/server/actors/utils/sources-manager.js, line 434: TypeError: channel is null
1646105931112	geckodriver	INFO	Listening on 127.0.0.1:40911
1646105931116	mozrunner::runner	INFO	Running command: "/usr/bin/firefox" "--marionette" "--remote-debugging-port" "42521" "-no-remote" "-profile" "/tmp/rust_mozprofileN4nrmb"
1646105931736	Marionette	INFO	Marionette enabled
console.warn: SearchSettings: "get: No settings file exists, new profile?" (new NotFoundError("Could not open the file at /tmp/rust_mozprofileN4nrmb/search.json.mozlz4", (void 0)))
DevTools listening on ws://localhost:42521/devtools/browser/b029ecf3-986a-4d25-a881-604b2965a7a0
1646105932962	Marionette	INFO	Listening on port 34385
1646105933045	RemoteAgent	WARN	TLS certificate errors will be ignored for this session
JavaScript warning: https://code.jquery.com/jquery-1.10.2.min.js, line 2: Using //@ to indicate sourceMappingURL pragmas is deprecated. Use //# instead
Failed to establish dbus connectionJavaScript warning: https://pagead2.googlesyndication.com/bg/mF8jAiIKdU2I24lDkXEdvB6f9nJ-5cys-Upa-8ZRieM.js line 1 > eval line 7820 > eval line 1 > eval line 1 > eval, line 1: WEBGL_debug_renderer_info is deprecated in Firefox and will be removed. Please use RENDERER.
JavaScript warning: https://cdn.apple-mapkit.com/ti/csr/1.x.x/mk-csr.js?mapkitVersion=5.72.27, line 468: WebGL warning: texSubImage: Texture has not been initialized prior to a partial upload, forcing the browser to clear it. This may be slow.
JavaScript warning: https://cdn.apple-mapkit.com/ti/csr/1.x.x/mk-csr.js?mapkitVersion=5.72.27, line 468: WebGL warning: texSubImage: Tex image TEXTURE_2D level 0 is incurring lazy initialization.
JavaScript warning: https://cdn.apple-mapkit.com/ti/csr/1.x.x/mk-csr.js?mapkitVersion=5.72.27, line 468: WebGL warning: texSubImage: Texture has not been initialized prior to a partial upload, forcing the browser to clear it. This may be slow.
JavaScript warning: https://cdn.apple-mapkit.com/ti/csr/1.x.x/mk-csr.js?mapkitVersion=5.72.27, line 468: WebGL warning: texSubImage: Tex image TEXTURE_2D level 0 is incurring lazy initialization.
JavaScript warning: https://cdn.apple-mapkit.com/ti/csr/1.x.x/mk-csr.js?mapkitVersion=5.72.27, line 468: WebGL warning: texSubImage: Texture has not been initialized prior to a partial upload, forcing the browser to clear it. This may be slow.
JavaScript warning: https://cdn.apple-mapkit.com/ti/csr/1.x.x/mk-csr.js?mapkitVersion=5.72.27, line 468: WebGL warning: texSubImage: Tex image TEXTURE_2D level 0 is incurring lazy initialization.
JavaScript warning: https://cdn.apple-mapkit.com/ti/csr/1.x.x/mk-csr.js?mapkitVersion=5.72.27, line 468: WebGL warning: texSubImage: Texture has not been initialized prior to a partial upload, forcing the browser to clear it. This may be slow.
JavaScript warning: https://cdn.apple-mapkit.com/ti/csr/1.x.x/mk-csr.js?mapkitVersion=5.72.27, line 468: WebGL warning: texSubImage: Tex image TEXTURE_2D level 0 is incurring lazy initialization.
1646106586305	geckodriver	INFO	Listening on 127.0.0.1:46499
1646106586309	mozrunner::runner	INFO	Running command: "/usr/bin/firefox" "--marionette" "--remote-debugging-port" "39821" "-no-remote" "-profile" "/tmp/rust_mozprofileRrZXTA"
1646106586913	Marionette	INFO	Marionette enabled
console.warn: SearchSettings: "get: No settings file exists, new profile?" (new NotFoundError("Could not open the file at /tmp/rust_mozprofileRrZXTA/search.json.mozlz4", (void 0)))
DevTools listening on ws://localhost:39821/devtools/browser/366b04a9-f671-480d-9ab9-c6105bd6fe83
1646106588336	Marionette	INFO	Listening on port 44989
1646106588437	RemoteAgent	WARN	TLS certificate errors will be ignored for this session
JavaScript warning: https://code.jquery.com/jquery-1.10.2.min.js, line 2: Using //@ to indicate sourceMappingURL pragmas is deprecated. Use //# instead
Failed to establish dbus connectionJavaScript warning: https://pagead2.googlesyndication.com/bg/mF8jAiIKdU2I24lDkXEdvB6f9nJ-5cys-Upa-8ZRieM.js line 1 > eval line 7391 > eval line 1 > eval line 1 > eval, line 1: WEBGL_debug_renderer_info is deprecated in Firefox and will be removed. Please use RENDERER.
JavaScript warning: https://cdn.apple-mapkit.com/ti/csr/1.x.x/mk-csr.js?mapkitVersion=5.72.27, line 468: WebGL warning: texSubImage: Texture has not been initialized prior to a partial upload, forcing the browser to clear it. This may be slow.
JavaScript warning: https://cdn.apple-mapkit.com/ti/csr/1.x.x/mk-csr.js?mapkitVersion=5.72.27, line 468: WebGL warning: texSubImage: Tex image TEXTURE_2D level 0 is incurring lazy initialization.
JavaScript warning: https://cdn.apple-mapkit.com/ti/csr/1.x.x/mk-csr.js?mapkitVersion=5.72.27, line 468: WebGL warning: texSubImage: Texture has not been initialized prior to a partial upload, forcing the browser to clear it. This may be slow.
JavaScript warning: https://cdn.apple-mapkit.com/ti/csr/1.x.x/mk-csr.js?mapkitVersion=5.72.27, line 468: WebGL warning: texSubImage: Tex image TEXTURE_2D level 0 is incurring lazy initialization.
JavaScript warning: https://cdn.apple-mapkit.com/ti/csr/1.x.x/mk-csr.js?mapkitVersion=5.72.27, line 468: WebGL warning: texSubImage: Texture has not been initialized prior to a partial upload, forcing the browser to clear it. This may be slow.
JavaScript warning: https://cdn.apple-mapkit.com/ti/csr/1.x.x/mk-csr.js?mapkitVersion=5.72.27, line 468: WebGL warning: texSubImage: Tex image TEXTURE_2D level 0 is incurring lazy initialization.
JavaScript warning: https://cdn.apple-mapkit.com/ti/csr/1.x.x/mk-csr.js?mapkitVersion=5.72.27, line 468: WebGL warning: texSubImage: Texture has not been initialized prior to a partial upload, forcing the browser to clear it. This may be slow.
JavaScript warning: https://cdn.apple-mapkit.com/ti/csr/1.x.x/mk-csr.js?mapkitVersion=5.72.27, line 468: WebGL warning: texSubImage: Tex image TEXTURE_2D level 0 is incurring lazy initialization.
1646107135493	geckodriver	INFO	Listening on 127.0.0.1:46211
1646107135497	mozrunner::runner	INFO	Running command: "/usr/bin/firefox" "--marionette" "--remote-debugging-port" "36963" "-no-remote" "-profile" "/tmp/rust_mozprofileS8MRHT"
1646107136107	Marionette	INFO	Marionette enabled
console.warn: SearchSettings: "get: No settings file exists, new profile?" (new NotFoundError("Could not open the file at /tmp/rust_mozprofileS8MRHT/search.json.mozlz4", (void 0)))
DevTools listening on ws://localhost:36963/devtools/browser/f0fba356-706f-47f1-89da-78bce9ea51af
1646107137532	Marionette	INFO	Listening on port 37937
1646107137622	RemoteAgent	WARN	TLS certificate errors will be ignored for this session
JavaScript warning: https://code.jquery.com/jquery-1.10.2.min.js, line 2: Using //@ to indicate sourceMappingURL pragmas is deprecated. Use //# instead
Failed to establish dbus connectionJavaScript warning: https://pagead2.googlesyndication.com/bg/mF8jAiIKdU2I24lDkXEdvB6f9nJ-5cys-Upa-8ZRieM.js line 1 > eval line 3313 > eval line 1 > eval line 1 > eval, line 1: WEBGL_debug_renderer_info is deprecated in Firefox and will be removed. Please use RENDERER.
JavaScript warning: https://cdn.apple-mapkit.com/ti/csr/1.x.x/mk-csr.js?mapkitVersion=5.72.27, line 468: WebGL warning: texSubImage: Texture has not been initialized prior to a partial upload, forcing the browser to clear it. This may be slow.
JavaScript warning: https://cdn.apple-mapkit.com/ti/csr/1.x.x/mk-csr.js?mapkitVersion=5.72.27, line 468: WebGL warning: texSubImage: Tex image TEXTURE_2D level 0 is incurring lazy initialization.
JavaScript warning: https://cdn.apple-mapkit.com/ti/csr/1.x.x/mk-csr.js?mapkitVersion=5.72.27, line 468: WebGL warning: texSubImage: Texture has not been initialized prior to a partial upload, forcing the browser to clear it. This may be slow.
JavaScript warning: https://cdn.apple-mapkit.com/ti/csr/1.x.x/mk-csr.js?mapkitVersion=5.72.27, line 468: WebGL warning: texSubImage: Tex image TEXTURE_2D level 0 is incurring lazy initialization.
JavaScript warning: https://cdn.apple-mapkit.com/ti/csr/1.x.x/mk-csr.js?mapkitVersion=5.72.27, line 468: WebGL warning: texSubImage: Texture has not been initialized prior to a partial upload, forcing the browser to clear it. This may be slow.
JavaScript warning: https://cdn.apple-mapkit.com/ti/csr/1.x.x/mk-csr.js?mapkitVersion=5.72.27, line 468: WebGL warning: texSubImage: Tex image TEXTURE_2D level 0 is incurring lazy initialization.
JavaScript warning: https://cdn.apple-mapkit.com/ti/csr/1.x.x/mk-csr.js?mapkitVersion=5.72.27, line 468: WebGL warning: texSubImage: Texture has not been initialized prior to a partial upload, forcing the browser to clear it. This may be slow.
JavaScript warning: https://cdn.apple-mapkit.com/ti/csr/1.x.x/mk-csr.js?mapkitVersion=5.72.27, line 468: WebGL warning: texSubImage: Tex image TEXTURE_2D level 0 is incurring lazy initialization.
1646107175914	geckodriver	INFO	Listening on 127.0.0.1:36741
1646107175918	mozrunner::runner	INFO	Running command: "/usr/bin/firefox" "--marionette" "--remote-debugging-port" "42253" "-no-remote" "-profile" "/tmp/rust_mozprofilejj5fCV"
1646107176586	Marionette	INFO	Marionette enabled
console.warn: SearchSettings: "get: No settings file exists, new profile?" (new NotFoundError("Could not open the file at /tmp/rust_mozprofilejj5fCV/search.json.mozlz4", (void 0)))
DevTools listening on ws://localhost:42253/devtools/browser/ac39e0d6-e1b3-4992-8caf-4153c9d46d47
1646107177964	Marionette	INFO	Listening on port 34423
1646107178058	RemoteAgent	WARN	TLS certificate errors will be ignored for this session
JavaScript warning: https://code.jquery.com/jquery-1.10.2.min.js, line 2: Using //@ to indicate sourceMappingURL pragmas is deprecated. Use //# instead
Failed to establish dbus connectionJavaScript warning: https://pagead2.googlesyndication.com/bg/mF8jAiIKdU2I24lDkXEdvB6f9nJ-5cys-Upa-8ZRieM.js line 1 > eval line 6304 > eval line 1 > eval line 1 > eval, line 1: WEBGL_debug_renderer_info is deprecated in Firefox and will be removed. Please use RENDERER.
JavaScript warning: https://cdn.apple-mapkit.com/ti/csr/1.x.x/mk-csr.js?mapkitVersion=5.72.27, line 468: WebGL warning: texSubImage: Texture has not been initialized prior to a partial upload, forcing the browser to clear it. This may be slow.
JavaScript warning: https://cdn.apple-mapkit.com/ti/csr/1.x.x/mk-csr.js?mapkitVersion=5.72.27, line 468: WebGL warning: texSubImage: Tex image TEXTURE_2D level 0 is incurring lazy initialization.
JavaScript warning: https://cdn.apple-mapkit.com/ti/csr/1.x.x/mk-csr.js?mapkitVersion=5.72.27, line 468: WebGL warning: texSubImage: Texture has not been initialized prior to a partial upload, forcing the browser to clear it. This may be slow.
JavaScript warning: https://cdn.apple-mapkit.com/ti/csr/1.x.x/mk-csr.js?mapkitVersion=5.72.27, line 468: WebGL warning: texSubImage: Tex image TEXTURE_2D level 0 is incurring lazy initialization.
JavaScript warning: https://cdn.apple-mapkit.com/ti/csr/1.x.x/mk-csr.js?mapkitVersion=5.72.27, line 468: WebGL warning: texSubImage: Texture has not been initialized prior to a partial upload, forcing the browser to clear it. This may be slow.
JavaScript warning: https://cdn.apple-mapkit.com/ti/csr/1.x.x/mk-csr.js?mapkitVersion=5.72.27, line 468: WebGL warning: texSubImage: Tex image TEXTURE_2D level 0 is incurring lazy initialization.
JavaScript warning: https://cdn.apple-mapkit.com/ti/csr/1.x.x/mk-csr.js?mapkitVersion=5.72.27, line 468: WebGL warning: texSubImage: Texture has not been initialized prior to a partial upload, forcing the browser to clear it. This may be slow.
JavaScript warning: https://cdn.apple-mapkit.com/ti/csr/1.x.x/mk-csr.js?mapkitVersion=5.72.27, line 468: WebGL warning: texSubImage: Tex image TEXTURE_2D level 0 is incurring lazy initialization.
JavaScript error: resource://gre/modules/AsyncShutdown.jsm, line 575: NotFoundError: No such JSWindowActor 'DevToolsFrame'
JavaScript error: resource://gre/modules/AsyncShutdown.jsm, line 575: NotFoundError: No such JSWindowActor 'DevToolsFrame'
JavaScript error: resource://gre/modules/AsyncShutdown.jsm, line 575: NotFoundError: No such JSWindowActor 'DevToolsFrame'
JavaScript error: resource://gre/modules/AsyncShutdown.jsm, line 575: NotFoundError: No such JSWindowActor 'DevToolsFrame'
JavaScript error: resource://gre/modules/AsyncShutdown.jsm, line 575: NotFoundError: No such JSWindowActor 'DevToolsFrame'
JavaScript error: resource://gre/modules/AsyncShutdown.jsm, line 575: NotFoundError: No such JSWindowActor 'DevToolsFrame'
JavaScript error: resource://gre/modules/AsyncShutdown.jsm, line 575: NotFoundError: No such JSWindowActor 'DevToolsFrame'
JavaScript error: resource://gre/modules/AsyncShutdown.jsm, line 575: NotFoundError: No such JSWindowActor 'DevToolsFrame'
JavaScript error: resource://gre/modules/AsyncShutdown.jsm, line 575: NotFoundError: No such JSWindowActor 'DevToolsFrame'
JavaScript error: resource://gre/modules/AsyncShutdown.jsm, line 575: NotFoundError: No such JSWindowActor 'DevToolsFrame'
JavaScript error: resource://gre/modules/AsyncShutdown.jsm, line 575: NotFoundError: No such JSWindowActor 'DevToolsFrame'
JavaScript error: resource://gre/modules/AsyncShutdown.jsm, line 575: NotFoundError: No such JSWindowActor 'DevToolsFrame'
JavaScript error: resource://gre/modules/AsyncShutdown.jsm, line 575: NotFoundError: No such JSWindowActor 'DevToolsFrame'
JavaScript error: resource://gre/modules/AsyncShutdown.jsm, line 575: NotFoundError: No such JSWindowActor 'DevToolsFrame'
JavaScript error: resource://gre/modules/AsyncShutdown.jsm, line 575: NotFoundError: No such JSWindowActor 'DevToolsFrame'
JavaScript error: resource://gre/modules/AsyncShutdown.jsm, line 575: NotFoundError: No such JSWindowActor 'DevToolsFrame'
1646107902597	Marionette	INFO	Stopped listening on port 46501
JavaScript error: , line 0: TypeError: NetworkError when attempting to fetch resource.
JavaScript error: , line 0: TypeError: NetworkError when attempting to fetch resource.
JavaScript error: , line 0: TypeError: NetworkError when attempting to fetch resource.

###!!! [Parent][PImageBridgeParent] Error: RunMessage(msgname=PImageBridge::Msg_WillClose) Channel closing: too late to send/recv, messages will be lost

1646107903936	Marionette	INFO	Stopped listening on port 34385
JavaScript error: , line 0: TypeError: NetworkError when attempting to fetch resource.
JavaScript error: , line 0: TypeError: NetworkError when attempting to fetch resource.
JavaScript error: , line 0: TypeError: NetworkError when attempting to fetch resource.
console.warn: TopSitesFeed: Failed to fetch data from Contile server: NetworkError when attempting to fetch resource.

###!!! [Parent][PImageBridgeParent] Error: RunMessage(msgname=PImageBridge::Msg_WillClose) Channel closing: too late to send/recv, messages will be lost

1646107905102	Marionette	INFO	Stopped listening on port 44989
JavaScript error: , line 0: TypeError: NetworkError when attempting to fetch resource.
JavaScript error: , line 0: TypeError: NetworkError when attempting to fetch resource.
JavaScript error: , line 0: TypeError: NetworkError when attempting to fetch resource.
console.warn: TopSitesFeed: Failed to fetch data from Contile server: NetworkError when attempting to fetch resource.
1646107906370	Marionette	INFO	Stopped listening on port 37937
JavaScript error: , line 0: TypeError: NetworkError when attempting to fetch resource.
JavaScript error: , line 0: TypeError: NetworkError when attempting to fetch resource.
JavaScript error: , line 0: TypeError: NetworkError when attempting to fetch resource.
console.warn: TopSitesFeed: Failed to fetch data from Contile server: NetworkError when attempting to fetch resource.
1646107907547	Marionette	INFO	Stopped listening on port 34423
JavaScript error: , line 0: TypeError: NetworkError when attempting to fetch resource.
JavaScript error: , line 0: TypeError: NetworkError when attempting to fetch resource.
JavaScript error: , line 0: TypeError: NetworkError when attempting to fetch resource.
console.warn: TopSitesFeed: Failed to fetch data from Contile server: NetworkError when attempting to fetch resource.

###!!! [Parent][PImageBridgeParent] Error: RunMessage(msgname=PImageBridge::Msg_WillClose) Channel closing: too late to send/recv, messages will be lost

